<?xml version="1.0" encoding="UTF-8"?>
<!-- Generated by org.testng.reporters.JUnitReportReporter -->
<testsuite hostname="DESKTOP-AUGCB43" failures="0" tests="1" name="testcases.TC_001" time="5.873" errors="0" timestamp="2023-03-31T13:02:57 IST" skipped="0">
  <testcase classname="testcases.TC_001" name="testcase10" time="5.873"/>
  <system-out/>
</testsuite> <!-- testcases.TC_001 -->
