<?xml version="1.0" encoding="UTF-8"?>
<!-- Generated by org.testng.reporters.JUnitReportReporter -->
<testsuite hostname="DESKTOP-AUGCB43" failures="0" tests="1" name="testcases.Tc00_2" time="10.900" errors="0" timestamp="2023-03-31T14:07:30 IST" skipped="0">
  <testcase classname="testcases.Tc00_2" name="tc_001" time="10.900"/>
  <system-out/>
</testsuite> <!-- testcases.Tc00_2 -->
