<?xml version="1.0" encoding="UTF-8"?>
<!-- Generated by org.testng.reporters.JUnitReportReporter -->
<testsuite hostname="DESKTOP-AUGCB43" failures="0" tests="1" name="com.test.TestNgBasics" time="0.007" errors="0" timestamp="2022-11-09T16:06:20 IST" skipped="0">
  <testcase classname="com.test.TestNgBasics" name="googleTitleTest" time="0.007"/>
  <system-out/>
</testsuite> <!-- com.test.TestNgBasics -->
