<?xml version="1.0" encoding="UTF-8"?>
<!-- Generated by org.testng.reporters.JUnitReportReporter -->
<testsuite hostname="DESKTOP-AUGCB43" failures="0" tests="1" name="org.webautomation.testcases.TC_003_Registration_Functionality_DropDown" time="16.427" errors="0" timestamp="2023-03-31T16:48:19 IST" skipped="0">
  <testcase classname="org.webautomation.testcases.TC_003_Registration_Functionality_DropDown" name="tc_001" time="16.427"/>
  <system-out/>
</testsuite> <!-- org.webautomation.testcases.TC_003_Registration_Functionality_DropDown -->
