<?xml version="1.0" encoding="UTF-8"?>
<!-- Generated by org.testng.reporters.JUnitReportReporter -->
<testsuite hostname="DESKTOP-AUGCB43" failures="0" tests="1" name="org.webautomation.testcases.TC_006_Keyboard_Multiple_key" time="54.840" errors="0" timestamp="2023-04-03T16:36:54 IST" skipped="0">
  <testcase classname="org.webautomation.testcases.TC_006_Keyboard_Multiple_key" name="tc_001" time="54.840"/>
  <system-out/>
</testsuite> <!-- org.webautomation.testcases.TC_006_Keyboard_Multiple_key -->
