<?xml version="1.0" encoding="UTF-8"?>
<!-- Generated by org.testng.reporters.JUnitReportReporter -->
<testsuite hostname="DESKTOP-AUGCB43" failures="0" tests="1" name="org.webautomation.testcases.TC_004_Registration_Functionality_FetchData" time="5.685" errors="0" timestamp="2023-03-31T17:04:31 IST" skipped="0">
  <testcase classname="org.webautomation.testcases.TC_004_Registration_Functionality_FetchData" name="tc_001" time="5.685"/>
  <system-out/>
</testsuite> <!-- org.webautomation.testcases.TC_004_Registration_Functionality_FetchData -->
