<?xml version="1.0" encoding="UTF-8"?>
<!-- Generated by org.testng.reporters.JUnitReportReporter -->
<testsuite hostname="DESKTOP-AUGCB43" failures="0" tests="1" name="org.webautomation.testcases.TC_007_Mouse_click_doubleClick" time="4.920" errors="0" timestamp="2023-04-05T18:53:36 IST" skipped="0">
  <testcase classname="org.webautomation.testcases.TC_007_Mouse_click_doubleClick" name="tc_001" time="4.920"/>
  <system-out/>
</testsuite> <!-- org.webautomation.testcases.TC_007_Mouse_click_doubleClick -->
