<?xml version="1.0" encoding="UTF-8"?>
<!-- Generated by org.testng.reporters.JUnitReportReporter -->
<testsuite hostname="DESKTOP-AUGCB43" failures="0" tests="1" name="org.webautomation.testcases.TC_007_MouseOperations" time="8.796" errors="0" timestamp="2023-04-04T17:09:57 IST" skipped="0">
  <testcase classname="org.webautomation.testcases.TC_007_MouseOperations" name="tc_001" time="8.796"/>
  <system-out/>
</testsuite> <!-- org.webautomation.testcases.TC_007_MouseOperations -->
