<?xml version="1.0" encoding="UTF-8"?>
<!-- Generated by org.testng.reporters.JUnitReportReporter -->
<testsuite hostname="DESKTOP-AUGCB43" failures="0" tests="1" name="org.webautomation.testcases.TC_005_Action_singleTAB_key" time="30.841" errors="0" timestamp="2023-04-03T15:49:57 IST" skipped="0">
  <testcase classname="org.webautomation.testcases.TC_005_Action_singleTAB_key" name="tc_001" time="30.841"/>
  <system-out/>
</testsuite> <!-- org.webautomation.testcases.TC_005_Action_singleTAB_key -->
