<?xml version="1.0" encoding="UTF-8"?>
<!-- Generated by org.testng.reporters.JUnitReportReporter -->
<testsuite hostname="DESKTOP-AUGCB43" failures="0" tests="1" name="org.webautomation.testcases.TC_008_Mouse_MoveTo_Element" time="19.629" errors="0" timestamp="2023-04-05T18:00:29 IST" skipped="0">
  <testcase classname="org.webautomation.testcases.TC_008_Mouse_MoveTo_Element" name="tc_001" time="19.629"/>
  <system-out/>
</testsuite> <!-- org.webautomation.testcases.TC_008_Mouse_MoveTo_Element -->
