<?xml version="1.0" encoding="UTF-8"?>
<!-- Generated by org.testng.reporters.JUnitReportReporter -->
<testsuite hostname="DESKTOP-AUGCB43" failures="0" tests="2" name="com.testNg.TestNGBasicsRevision" time="0.030" errors="0" timestamp="2023-01-27T14:48:42 IST" skipped="0">
  <testcase classname="com.testNg.TestNGBasicsRevision" name="googleTitleTest" time="0.027"/>
  <system-out/>
  <testcase classname="com.testNg.TestNGBasicsRevision" name="searchTitle" time="0.003"/>
  <system-out/>
</testsuite> <!-- com.testNg.TestNGBasicsRevision -->
