<?xml version="1.0" encoding="UTF-8"?>
<!-- Generated by org.testng.reporters.JUnitReportReporter -->
<testsuite hostname="DESKTOP-AUGCB43" failures="0" tests="3" name="com.testNg.TestNgRevision" time="0.023" errors="0" timestamp="2023-01-27T14:48:27 IST" skipped="0">
  <testcase classname="com.testNg.TestNgRevision" name="homePage" time="0.001"/>
  <system-out/>
  <testcase classname="com.testNg.TestNgRevision" name="searchTest" time="0.004"/>
  <system-out/>
  <testcase classname="com.testNg.TestNgRevision" name="loginTest" time="0.018"/>
  <system-out/>
</testsuite> <!-- com.testNg.TestNgRevision -->
